LOGStart created on Wednesday 2019/03/20  UTC 13:47:32:088

Reading "OSDD Data"...
Reading Content "Start"
Reading properties for module "X20SLX402_110.MainSN".
  ParameterGroup "Basic_PLC" has 15 parameters.
  ParameterGroup "Safety_Response_Time_Defaults" has 11 parameters.
  ParameterGroup "Options" has 5 parameters.
  ParameterGroup "SafeDigitalInput01" has 6 parameters.
  ParameterGroup "SafeDigitalInput02" has 6 parameters.
  ParameterGroup "SafeDigitalInput03" has 6 parameters.
  ParameterGroup "SafeDigitalInput04" has 30 parameters.
  ParameterGroup "SafeDigitalOutput01" has 4 parameters.
  ParameterGroup "SafeDigitalOutput02" has 9 parameters.
  ParameterGroup "http://www.br-automation.com" has 89 parameters.
Module "X20SLX402_110.MainSN.SL1.SM1" is of type "X20 SafeLOGIC Compact,4xI 24V, 2xO 24V 0.2A" and has 1 external machine option objects.
Module "X20SLX402_110.MainSN.SL1.SM1" is of type "X20 SafeLOGIC Compact,4xI 24V, 2xO 24V 0.2A" and has 2 external machine option objects.
Module "X20SLX402_110.MainSN.SL1.SM1" is of type "X20 SafeLOGIC Compact,4xI 24V, 2xO 24V 0.2A" and has 3 external machine option objects.
Module "X20SLX402_110.MainSN.SL1.SM1" is of type "X20 SafeLOGIC Compact,4xI 24V, 2xO 24V 0.2A" and has 4 external machine option objects.
Module "X20SLX402_110.MainSN.SL1.SM1" is of type "X20 SafeLOGIC Compact,4xI 24V, 2xO 24V 0.2A" and has 5 external machine option objects.
Module "X20SLX402_110.MainSN.SL1.SM1" is of type "X20 SafeLOGIC Compact,4xI 24V, 2xO 24V 0.2A" and has 6 external machine option objects.
Module "X20SLX402_110.MainSN.SL1.SM1" is of type "X20 SafeLOGIC Compact,4xI 24V, 2xO 24V 0.2A" and has 7 external machine option objects.
Module "X20SLX402_110.MainSN.SL1.SM1" is of type "X20 SafeLOGIC Compact,4xI 24V, 2xO 24V 0.2A" and has 8 external machine option objects.
Module "X20SLX402_110.MainSN.SL1.SM1" is of type "X20 SafeLOGIC Compact,4xI 24V, 2xO 24V 0.2A" and has 9 external machine option objects.
Module "X20SLX402_110.MainSN.SL1.SM1" is of type "X20 SafeLOGIC Compact,4xI 24V, 2xO 24V 0.2A" and has 10 external machine option objects.
Module "X20SLX402_110.MainSN.SL1.SM1" is of type "X20 SafeLOGIC Compact,4xI 24V, 2xO 24V 0.2A" and has 11 external machine option objects.
Module "X20SLX402_110.MainSN.SL1.SM1" is of type "X20 SafeLOGIC Compact,4xI 24V, 2xO 24V 0.2A" and has 12 external machine option objects.
Module "X20SLX402_110.MainSN.SL1.SM1" is of type "X20 SafeLOGIC Compact,4xI 24V, 2xO 24V 0.2A" and has 13 external machine option objects.
Module "X20SLX402_110.MainSN.SL1.SM1" is of type "X20 SafeLOGIC Compact,4xI 24V, 2xO 24V 0.2A" and has 14 external machine option objects.
Module "X20SLX402_110.MainSN.SL1.SM1" is of type "X20 SafeLOGIC Compact,4xI 24V, 2xO 24V 0.2A" and has 15 external machine option objects.
Module "X20SLX402_110.MainSN.SL1.SM1" is of type "X20 SafeLOGIC Compact,4xI 24V, 2xO 24V 0.2A" and has 16 external machine option objects.
Module "X20SLX402_110.MainSN.SL1.SM1" is of type "X20 SafeLOGIC Compact,4xI 24V, 2xO 24V 0.2A" and has 17 external machine option objects.
Module "X20SLX402_110.MainSN.SL1.SM1" is of type "X20 SafeLOGIC Compact,4xI 24V, 2xO 24V 0.2A" and has 18 external machine option objects.
Module "X20SLX402_110.MainSN.SL1.SM1" is of type "X20 SafeLOGIC Compact,4xI 24V, 2xO 24V 0.2A" and has 19 external machine option objects.
Module "X20SLX402_110.MainSN.SL1.SM1" is of type "X20 SafeLOGIC Compact,4xI 24V, 2xO 24V 0.2A" and has 20 external machine option objects.
Module "X20SLX402_110.MainSN.SL1.SM1" is of type "X20 SafeLOGIC Compact,4xI 24V, 2xO 24V 0.2A" and has 21 external machine option objects.
Module "X20SLX402_110.MainSN.SL1.SM1" is of type "X20 SafeLOGIC Compact,4xI 24V, 2xO 24V 0.2A" and has 22 external machine option objects.
Module "X20SLX402_110.MainSN.SL1.SM1" is of type "X20 SafeLOGIC Compact,4xI 24V, 2xO 24V 0.2A" and has 23 external machine option objects.
Module "X20SLX402_110.MainSN.SL1.SM1" is of type "X20 SafeLOGIC Compact,4xI 24V, 2xO 24V 0.2A" and has 24 external machine option objects.
Module "X20SLX402_110.MainSN.SL1.SM1" is of type "X20 SafeLOGIC Compact,4xI 24V, 2xO 24V 0.2A" and has 25 external machine option objects.
Module "X20SLX402_110.MainSN.SL1.SM1" is of type "X20 SafeLOGIC Compact,4xI 24V, 2xO 24V 0.2A" and has 26 external machine option objects.
Module "X20SLX402_110.MainSN.SL1.SM1" is of type "X20 SafeLOGIC Compact,4xI 24V, 2xO 24V 0.2A" and has 27 external machine option objects.
Module "X20SLX402_110.MainSN.SL1.SM1" is of type "X20 SafeLOGIC Compact,4xI 24V, 2xO 24V 0.2A" and has 28 external machine option objects.
Module "X20SLX402_110.MainSN.SL1.SM1" is of type "X20 SafeLOGIC Compact,4xI 24V, 2xO 24V 0.2A" and has 29 external machine option objects.
Module "X20SLX402_110.MainSN.SL1.SM1" is of type "X20 SafeLOGIC Compact,4xI 24V, 2xO 24V 0.2A" and has 30 external machine option objects.
Module "X20SLX402_110.MainSN.SL1.SM1" is of type "X20 SafeLOGIC Compact,4xI 24V, 2xO 24V 0.2A" and has 31 external machine option objects.
Module "X20SLX402_110.MainSN.SL1.SM1" is of type "X20 SafeLOGIC Compact,4xI 24V, 2xO 24V 0.2A" and has 32 external machine option objects.
Module "X20SLX402_110.MainSN.SL1.SM1" is of type "X20 SafeLOGIC Compact,4xI 24V, 2xO 24V 0.2A" and has 33 external machine option objects.
Module "X20SLX402_110.MainSN.SL1.SM1" is of type "X20 SafeLOGIC Compact,4xI 24V, 2xO 24V 0.2A" and has 34 external machine option objects.
Module "X20SLX402_110.MainSN.SL1.SM1" is of type "X20 SafeLOGIC Compact,4xI 24V, 2xO 24V 0.2A" and has 35 external machine option objects.
Module "X20SLX402_110.MainSN.SL1.SM1" is of type "X20 SafeLOGIC Compact,4xI 24V, 2xO 24V 0.2A" and has 36 external machine option objects.
Module "X20SLX402_110.MainSN.SL1.SM1" is of type "X20 SafeLOGIC Compact,4xI 24V, 2xO 24V 0.2A" and has 37 external machine option objects.
Module "X20SLX402_110.MainSN.SL1.SM1" is of type "X20 SafeLOGIC Compact,4xI 24V, 2xO 24V 0.2A" and has 38 external machine option objects.
Module "X20SLX402_110.MainSN.SL1.SM1" is of type "X20 SafeLOGIC Compact,4xI 24V, 2xO 24V 0.2A" and has 39 external machine option objects.
Module "X20SLX402_110.MainSN.SL1.SM1" is of type "X20 SafeLOGIC Compact,4xI 24V, 2xO 24V 0.2A" and has 40 external machine option objects.
Module "X20SLX402_110.MainSN.SL1.SM1" is of type "X20 SafeLOGIC Compact,4xI 24V, 2xO 24V 0.2A" and has 41 external machine option objects.
Module "X20SLX402_110.MainSN.SL1.SM1" is of type "X20 SafeLOGIC Compact,4xI 24V, 2xO 24V 0.2A" and has 42 external machine option objects.
Module "X20SLX402_110.MainSN.SL1.SM1" is of type "X20 SafeLOGIC Compact,4xI 24V, 2xO 24V 0.2A" and has 43 external machine option objects.
Module "X20SLX402_110.MainSN.SL1.SM1" is of type "X20 SafeLOGIC Compact,4xI 24V, 2xO 24V 0.2A" and has 44 external machine option objects.
Module "X20SLX402_110.MainSN.SL1.SM1" is of type "X20 SafeLOGIC Compact,4xI 24V, 2xO 24V 0.2A" and has 45 external machine option objects.
Module "X20SLX402_110.MainSN.SL1.SM1" is of type "X20 SafeLOGIC Compact,4xI 24V, 2xO 24V 0.2A" and has 46 external machine option objects.
Module "X20SLX402_110.MainSN.SL1.SM1" is of type "X20 SafeLOGIC Compact,4xI 24V, 2xO 24V 0.2A" and has 47 external machine option objects.
Module "X20SLX402_110.MainSN.SL1.SM1" is of type "X20 SafeLOGIC Compact,4xI 24V, 2xO 24V 0.2A" and has 48 external machine option objects.
Module "X20SLX402_110.MainSN.SL1.SM1" is of type "X20 SafeLOGIC Compact,4xI 24V, 2xO 24V 0.2A" and has 49 external machine option objects.
Module "X20SLX402_110.MainSN.SL1.SM1" is of type "X20 SafeLOGIC Compact,4xI 24V, 2xO 24V 0.2A" and has 50 external machine option objects.
Module "X20SLX402_110.MainSN.SL1.SM1" is of type "X20 SafeLOGIC Compact,4xI 24V, 2xO 24V 0.2A" and has 51 external machine option objects.
Module "X20SLX402_110.MainSN.SL1.SM1" is of type "X20 SafeLOGIC Compact,4xI 24V, 2xO 24V 0.2A" and has 52 external machine option objects.
Module "X20SLX402_110.MainSN.SL1.SM1" is of type "X20 SafeLOGIC Compact,4xI 24V, 2xO 24V 0.2A" and has 53 external machine option objects.
Module "X20SLX402_110.MainSN.SL1.SM1" is of type "X20 SafeLOGIC Compact,4xI 24V, 2xO 24V 0.2A" and has 54 external machine option objects.
Module "X20SLX402_110.MainSN.SL1.SM1" is of type "X20 SafeLOGIC Compact,4xI 24V, 2xO 24V 0.2A" and has 55 external machine option objects.
Module "X20SLX402_110.MainSN.SL1.SM1" is of type "X20 SafeLOGIC Compact,4xI 24V, 2xO 24V 0.2A" and has 56 external machine option objects.
Module "X20SLX402_110.MainSN.SL1.SM1" is of type "X20 SafeLOGIC Compact,4xI 24V, 2xO 24V 0.2A" and has 57 external machine option objects.
Module "X20SLX402_110.MainSN.SL1.SM1" is of type "X20 SafeLOGIC Compact,4xI 24V, 2xO 24V 0.2A" and has 58 external machine option objects.
Module "X20SLX402_110.MainSN.SL1.SM1" is of type "X20 SafeLOGIC Compact,4xI 24V, 2xO 24V 0.2A" and has 59 external machine option objects.
Module "X20SLX402_110.MainSN.SL1.SM1" is of type "X20 SafeLOGIC Compact,4xI 24V, 2xO 24V 0.2A" and has 60 external machine option objects.
Module "X20SLX402_110.MainSN.SL1.SM1" is of type "X20 SafeLOGIC Compact,4xI 24V, 2xO 24V 0.2A" and has 61 external machine option objects.
Module "X20SLX402_110.MainSN.SL1.SM1" is of type "X20 SafeLOGIC Compact,4xI 24V, 2xO 24V 0.2A" and has 62 external machine option objects.
Module "X20SLX402_110.MainSN.SL1.SM1" is of type "X20 SafeLOGIC Compact,4xI 24V, 2xO 24V 0.2A" and has 63 external machine option objects.
Module "X20SLX402_110.MainSN.SL1.SM1" is of type "X20 SafeLOGIC Compact,4xI 24V, 2xO 24V 0.2A" and has 64 external machine option objects.
Module "X20SLX402_110.MainSN.SL1.SM1" is of type "X20SLX402" and has 67 channels and 10 parameter groups.
Reading properties for module "X20SI8110_110".
  ParameterGroup "Basic_Node" has 7 parameters.
  ParameterGroup "Safety_Response_Time" has 4 parameters.
  ParameterGroup "SafeDigitalInput01" has 6 parameters.
  ParameterGroup "SafeDigitalInput02" has 6 parameters.
  ParameterGroup "SafeDigitalInput03" has 6 parameters.
  ParameterGroup "SafeDigitalInput04" has 6 parameters.
  ParameterGroup "SafeDigitalInput05" has 6 parameters.
  ParameterGroup "SafeDigitalInput06" has 6 parameters.
  ParameterGroup "SafeDigitalInput07" has 6 parameters.
  ParameterGroup "SafeDigitalInput08" has 12 parameters.
  ParameterGroup "http://www.br-automation.com" has 17 parameters.
Module "X20SI8110_110.SL1.SM3" is of type "X20SI8110" and has 25 channels and 11 parameter groups.
Reading properties for module "X20SO2110_110".
  ParameterGroup "Basic_Node" has 7 parameters.
  ParameterGroup "Safety_Response_Time" has 4 parameters.
  ParameterGroup "ModuleConfiguration" has 1 parameters.
  ParameterGroup "SafeDigitalOutput01" has 1 parameters.
  ParameterGroup "SafeDigitalOutput02" has 3 parameters.
  ParameterGroup "http://www.br-automation.com" has 9 parameters.
Module "X20SO2110_110.SL1.SM4" is of type "X20SO2110" and has 17 channels and 6 parameter groups.
Reading properties for module "X20SI8110_110".
  ParameterGroup "Basic_Node" has 7 parameters.
  ParameterGroup "Safety_Response_Time" has 4 parameters.
  ParameterGroup "SafeDigitalInput01" has 6 parameters.
  ParameterGroup "SafeDigitalInput02" has 6 parameters.
  ParameterGroup "SafeDigitalInput03" has 6 parameters.
  ParameterGroup "SafeDigitalInput04" has 6 parameters.
  ParameterGroup "SafeDigitalInput05" has 6 parameters.
  ParameterGroup "SafeDigitalInput06" has 6 parameters.
  ParameterGroup "SafeDigitalInput07" has 6 parameters.
  ParameterGroup "SafeDigitalInput08" has 12 parameters.
  ParameterGroup "http://www.br-automation.com" has 17 parameters.
Module "X20SI8110_110.SL1.SM5" is of type "X20SI8110" and has 25 channels and 11 parameter groups.
Reading properties for module "X20SO2110_110".
  ParameterGroup "Basic_Node" has 7 parameters.
  ParameterGroup "Safety_Response_Time" has 4 parameters.
  ParameterGroup "ModuleConfiguration" has 1 parameters.
  ParameterGroup "SafeDigitalOutput01" has 1 parameters.
  ParameterGroup "SafeDigitalOutput02" has 3 parameters.
  ParameterGroup "http://www.br-automation.com" has 9 parameters.
Module "X20SO2110_110.SL1.SM6" is of type "X20SO2110" and has 17 channels and 6 parameter groups.
Content "name1" successfully read from "name2"
